# JRE version: OpenJDK Runtime Environment (17.0.6) (build 17.0.6+0-b2043.56-10027231)
# Java VM: OpenJDK 64-Bit Server VM (17.0.6+0-b2043.56-10027231, mixed mode, tiered, compressed oops, compressed class ptrs, g1 gc, windows-amd64)
GC Precious Log:
 CPUs: 8 total, 8 available
 Memory: 3863M
 Large Page Support: Disabled
 NUMA Support: Disabled
 Compressed Oops: Enabled (32-bit)
 Heap Region Size: 1M
 Heap Min Capacity: 8M
 Heap Initial Capacity: 62M
 Heap Max Capacity: 2G
 Pre-touch: Disabled
 Parallel Workers: 8
 Concurrent Workers: 2
 Concurrent Refinement Workers: 8
 Periodic GC: Disabled
Heap:
 garbage-first heap   total 87040K, used 57959K [0x0000000080000000, 0x0000000100000000)
  region size 1024K, 9 young (9216K), 1 survivors (1024K)
 Metaspace       used 34955K, committed 35328K, reserved 1081344K
  class space    used 4870K, committed 5056K, reserved 1048576K
GC Heap History (20 events):
Event: 3.452 GC heap before
{Heap before GC invocations=0 (full 0):
 garbage-first heap   total 63488K, used 26624K [0x0000000080000000, 0x0000000100000000)
  region size 1024K, 23 young (23552K), 0 survivors (0K)
 Metaspace       used 10264K, committed 10432K, reserved 1064960K
  class space    used 1058K, committed 1152K, reserved 1048576K
}
Event: 3.463 GC heap after
{Heap after GC invocations=1 (full 0):
 garbage-first heap   total 63488K, used 10852K [0x0000000080000000, 0x0000000100000000)
  region size 1024K, 3 young (3072K), 3 survivors (3072K)
 Metaspace       used 10264K, committed 10432K, reserved 1064960K
  class space    used 1058K, committed 1152K, reserved 1048576K
}
Event: 4.480 GC heap before
{Heap before GC invocations=1 (full 0):
 garbage-first heap   total 63488K, used 33380K [0x0000000080000000, 0x0000000100000000)
  region size 1024K, 25 young (25600K), 3 survivors (3072K)
 Metaspace       used 11147K, committed 11392K, reserved 1064960K
  class space    used 1161K, committed 1280K, reserved 1048576K
}
Event: 4.487 GC heap after
{Heap after GC invocations=2 (full 0):
 garbage-first heap   total 63488K, used 11400K [0x0000000080000000, 0x0000000100000000)
  region size 1024K, 1 young (1024K), 1 survivors (1024K)
 Metaspace       used 11147K, committed 11392K, reserved 1064960K
  class space    used 1161K, committed 1280K, reserved 1048576K
}
Event: 7.413 GC heap before
{Heap before GC invocations=2 (full 0):
 garbage-first heap   total 63488K, used 37000K [0x0000000080000000, 0x0000000100000000)
  region size 1024K, 25 young (25600K), 1 survivors (1024K)
 Metaspace       used 16494K, committed 16768K, reserved 1064960K
  class space    used 1888K, committed 2048K, reserved 1048576K
}
Event: 7.424 GC heap after
{Heap after GC invocations=3 (full 0):
 garbage-first heap   total 63488K, used 17197K [0x0000000080000000, 0x0000000100000000)
  region size 1024K, 4 young (4096K), 4 survivors (4096K)
 Metaspace       used 16494K, committed 16768K, reserved 1064960K
  class space    used 1888K, committed 2048K, reserved 1048576K
}
Event: 9.633 GC heap before
{Heap before GC invocations=3 (full 0):
 garbage-first heap   total 63488K, used 32557K [0x0000000080000000, 0x0000000100000000)
  region size 1024K, 21 young (21504K), 4 survivors (4096K)
 Metaspace       used 21313K, committed 21504K, reserved 1073152K
  class space    used 2573K, committed 2688K, reserved 1048576K
}
Event: 9.655 GC heap after
{Heap after GC invocations=4 (full 0):
 garbage-first heap   total 63488K, used 19077K [0x0000000080000000, 0x0000000100000000)
  region size 1024K, 2 young (2048K), 2 survivors (2048K)
 Metaspace       used 21313K, committed 21504K, reserved 1073152K
  class space    used 2573K, committed 2688K, reserved 1048576K
}
Event: 12.692 GC heap before
{Heap before GC invocations=5 (full 0):
 garbage-first heap   total 63488K, used 40581K [0x0000000080000000, 0x0000000100000000)
  region size 1024K, 23 young (23552K), 2 survivors (2048K)
 Metaspace       used 25024K, committed 25344K, reserved 1073152K
  class space    used 3216K, committed 3392K, reserved 1048576K
}
Event: 12.699 GC heap after
{Heap after GC invocations=6 (full 0):
 garbage-first heap   total 63488K, used 20424K [0x0000000080000000, 0x0000000100000000)
  region size 1024K, 3 young (3072K), 3 survivors (3072K)
 Metaspace       used 25024K, committed 25344K, reserved 1073152K
  class space    used 3216K, committed 3392K, reserved 1048576K
}
Event: 14.224 GC heap before
{Heap before GC invocations=6 (full 0):
 garbage-first heap   total 63488K, used 42952K [0x0000000080000000, 0x0000000100000000)
  region size 1024K, 25 young (25600K), 3 survivors (3072K)
 Metaspace       used 28316K, committed 28608K, reserved 1081344K
  class space    used 3794K, committed 3968K, reserved 1048576K
}
Event: 14.231 GC heap after
{Heap after GC invocations=7 (full 0):
 garbage-first heap   total 63488K, used 21945K [0x0000000080000000, 0x0000000100000000)
  region size 1024K, 3 young (3072K), 3 survivors (3072K)
 Metaspace       used 28316K, committed 28608K, reserved 1081344K
  class space    used 3794K, committed 3968K, reserved 1048576K
}
Event: 15.456 GC heap before
{Heap before GC invocations=7 (full 0):
 garbage-first heap   total 63488K, used 38329K [0x0000000080000000, 0x0000000100000000)
  region size 1024K, 13 young (13312K), 3 survivors (3072K)
 Metaspace       used 29372K, committed 29760K, reserved 1081344K
  class space    used 3983K, committed 4160K, reserved 1048576K
}
Event: 15.463 GC heap after
{Heap after GC invocations=8 (full 0):
 garbage-first heap   total 63488K, used 33082K [0x0000000080000000, 0x0000000100000000)
  region size 1024K, 4 young (4096K), 4 survivors (4096K)
 Metaspace       used 29372K, committed 29760K, reserved 1081344K
  class space    used 3983K, committed 4160K, reserved 1048576K
}
Event: 16.174 GC heap before
{Heap before GC invocations=9 (full 0):
 garbage-first heap   total 78848K, used 45370K [0x0000000080000000, 0x0000000100000000)
  region size 1024K, 5 young (5120K), 4 survivors (4096K)
 Metaspace       used 29373K, committed 29760K, reserved 1081344K
  class space    used 3983K, committed 4160K, reserved 1048576K
}
Event: 16.181 GC heap after
{Heap after GC invocations=10 (full 0):
 garbage-first heap   total 78848K, used 45833K [0x0000000080000000, 0x0000000100000000)
  region size 1024K, 1 young (1024K), 1 survivors (1024K)
 Metaspace       used 29373K, committed 29760K, reserved 1081344K
  class space    used 3983K, committed 4160K, reserved 1048576K
}
Event: 17.124 GC heap before
{Heap before GC invocations=11 (full 0):
 garbage-first heap   total 83968K, used 64265K [0x0000000080000000, 0x0000000100000000)
  region size 1024K, 17 young (17408K), 1 survivors (1024K)
 Metaspace       used 31353K, committed 31680K, reserved 1081344K
  class space    used 4309K, committed 4480K, reserved 1048576K
}
Event: 17.129 GC heap after
{Heap after GC invocations=12 (full 0):
 garbage-first heap   total 83968K, used 50013K [0x0000000080000000, 0x0000000100000000)
  region size 1024K, 3 young (3072K), 3 survivors (3072K)
 Metaspace       used 31353K, committed 31680K, reserved 1081344K
  class space    used 4309K, committed 4480K, reserved 1048576K
}
Event: 17.911 GC heap before
{Heap before GC invocations=12 (full 0):
 garbage-first heap   total 83968K, used 66397K [0x0000000080000000, 0x0000000100000000)
  region size 1024K, 19 young (19456K), 3 survivors (3072K)
 Metaspace       used 33604K, committed 33920K, reserved 1081344K
  class space    used 4663K, committed 4800K, reserved 1048576K
}
Event: 17.914 GC heap after
{Heap after GC invocations=13 (full 0):
 garbage-first heap   total 83968K, used 50791K [0x0000000080000000, 0x0000000100000000)
  region size 1024K, 1 young (1024K), 1 survivors (1024K)
 Metaspace       used 33604K, committed 33920K, reserved 1081344K
  class space    used 4663K, committed 4800K, reserved 1048576K
}

